# JRE version: OpenJDK Runtime Environment (11.0.11+9) (build 11.0.11+9-b60-7590822)
# Java VM: OpenJDK 64-Bit Server VM (11.0.11+9-b60-7590822, mixed mode, tiered, compressed oops, g1 gc, windows-amd64)
Heap:
 garbage-first heap   total 260096K, used 112191K [0x00000000a0000000, 0x0000000100000000)
  region size 1024K, 68 young (69632K), 18 survivors (18432K)
 Metaspace       used 75704K, capacity 77920K, committed 78124K, reserved 1116160K
  class space    used 9958K, capacity 10790K, committed 10880K, reserved 1048576K
GC Heap History (20 events):
Event: 1.954 GC heap before
{Heap before GC invocations=1 (full 0):
 garbage-first heap   total 260096K, used 19022K [0x00000000a0000000, 0x0000000100000000)
  region size 1024K, 13 young (13312K), 2 survivors (2048K)
 Metaspace       used 10837K, capacity 11072K, committed 11264K, reserved 1058816K
  class space    used 1144K, capacity 1201K, committed 1280K, reserved 1048576K
}
Event: 1.957 GC heap after
{Heap after GC invocations=2 (full 0):
 garbage-first heap   total 260096K, used 8811K [0x00000000a0000000, 0x0000000100000000)
  region size 1024K, 1 young (1024K), 1 survivors (1024K)
 Metaspace       used 10837K, capacity 11072K, committed 11264K, reserved 1058816K
  class space    used 1144K, capacity 1201K, committed 1280K, reserved 1048576K
}
Event: 4.068 GC heap before
{Heap before GC invocations=2 (full 0):
 garbage-first heap   total 260096K, used 35435K [0x00000000a0000000, 0x0000000100000000)
  region size 1024K, 28 young (28672K), 1 survivors (1024K)
 Metaspace       used 11013K, capacity 11265K, committed 11520K, reserved 1058816K
  class space    used 1145K, capacity 1201K, committed 1280K, reserved 1048576K
}
Event: 4.072 GC heap after
{Heap after GC invocations=3 (full 0):
 garbage-first heap   total 260096K, used 12961K [0x00000000a0000000, 0x0000000100000000)
  region size 1024K, 4 young (4096K), 4 survivors (4096K)
 Metaspace       used 11013K, capacity 11265K, committed 11520K, reserved 1058816K
  class space    used 1145K, capacity 1201K, committed 1280K, reserved 1048576K
}
Event: 6.716 GC heap before
{Heap before GC invocations=3 (full 0):
 garbage-first heap   total 260096K, used 53921K [0x00000000a0000000, 0x0000000100000000)
  region size 1024K, 44 young (45056K), 4 survivors (4096K)
 Metaspace       used 18391K, capacity 18746K, committed 19072K, reserved 1067008K
  class space    used 2215K, capacity 2341K, committed 2432K, reserved 1048576K
}
Event: 6.726 GC heap after
{Heap after GC invocations=4 (full 0):
 garbage-first heap   total 260096K, used 15669K [0x00000000a0000000, 0x0000000100000000)
  region size 1024K, 3 young (3072K), 3 survivors (3072K)
 Metaspace       used 18391K, capacity 18746K, committed 19072K, reserved 1067008K
  class space    used 2215K, capacity 2341K, committed 2432K, reserved 1048576K
}
Event: 7.448 GC heap before
{Heap before GC invocations=4 (full 0):
 garbage-first heap   total 260096K, used 30005K [0x00000000a0000000, 0x0000000100000000)
  region size 1024K, 18 young (18432K), 3 survivors (3072K)
 Metaspace       used 20561K, capacity 21064K, committed 21248K, reserved 1067008K
  class space    used 2523K, capacity 2693K, committed 2816K, reserved 1048576K
}
Event: 7.456 GC heap after
{Heap after GC invocations=5 (full 0):
 garbage-first heap   total 260096K, used 16396K [0x00000000a0000000, 0x0000000100000000)
  region size 1024K, 4 young (4096K), 4 survivors (4096K)
 Metaspace       used 20561K, capacity 21064K, committed 21248K, reserved 1067008K
  class space    used 2523K, capacity 2693K, committed 2816K, reserved 1048576K
}
Event: 10.209 GC heap before
{Heap before GC invocations=6 (full 0):
 garbage-first heap   total 260096K, used 71692K [0x00000000a0000000, 0x0000000100000000)
  region size 1024K, 58 young (59392K), 4 survivors (4096K)
 Metaspace       used 26376K, capacity 26976K, committed 27264K, reserved 1073152K
  class space    used 3450K, capacity 3669K, committed 3712K, reserved 1048576K
}
Event: 10.218 GC heap after
{Heap after GC invocations=7 (full 0):
 garbage-first heap   total 260096K, used 18300K [0x00000000a0000000, 0x0000000100000000)
  region size 1024K, 6 young (6144K), 6 survivors (6144K)
 Metaspace       used 26376K, capacity 26976K, committed 27264K, reserved 1073152K
  class space    used 3450K, capacity 3669K, committed 3712K, reserved 1048576K
}
Event: 13.859 GC heap before
{Heap before GC invocations=7 (full 0):
 garbage-first heap   total 260096K, used 69500K [0x00000000a0000000, 0x0000000100000000)
  region size 1024K, 54 young (55296K), 6 survivors (6144K)
 Metaspace       used 35024K, capacity 35724K, committed 35840K, reserved 1081344K
  class space    used 4517K, capacity 4775K, committed 4864K, reserved 1048576K
}
Event: 13.874 GC heap after
{Heap after GC invocations=8 (full 0):
 garbage-first heap   total 260096K, used 23907K [0x00000000a0000000, 0x0000000100000000)
  region size 1024K, 9 young (9216K), 9 survivors (9216K)
 Metaspace       used 35024K, capacity 35724K, committed 35840K, reserved 1081344K
  class space    used 4517K, capacity 4775K, committed 4864K, reserved 1048576K
}
Event: 23.540 GC heap before
{Heap before GC invocations=9 (full 0):
 garbage-first heap   total 260096K, used 157027K [0x00000000a0000000, 0x0000000100000000)
  region size 1024K, 139 young (142336K), 9 survivors (9216K)
 Metaspace       used 43999K, capacity 45045K, committed 45184K, reserved 1089536K
  class space    used 5630K, capacity 6003K, committed 6016K, reserved 1048576K
}
Event: 23.571 GC heap after
{Heap after GC invocations=10 (full 0):
 garbage-first heap   total 260096K, used 27816K [0x00000000a0000000, 0x0000000100000000)
  region size 1024K, 15 young (15360K), 15 survivors (15360K)
 Metaspace       used 43999K, capacity 45045K, committed 45184K, reserved 1089536K
  class space    used 5630K, capacity 6003K, committed 6016K, reserved 1048576K
}
Event: 30.525 GC heap before
{Heap before GC invocations=11 (full 0):
 garbage-first heap   total 260096K, used 174248K [0x00000000a0000000, 0x0000000100000000)
  region size 1024K, 152 young (155648K), 15 survivors (15360K)
 Metaspace       used 57056K, capacity 58317K, committed 58368K, reserved 1099776K
  class space    used 7223K, capacity 7661K, committed 7680K, reserved 1048576K
}
Event: 30.561 GC heap after
{Heap after GC invocations=12 (full 0):
 garbage-first heap   total 260096K, used 44343K [0x00000000a0000000, 0x0000000100000000)
  region size 1024K, 19 young (19456K), 19 survivors (19456K)
 Metaspace       used 57056K, capacity 58317K, committed 58368K, reserved 1099776K
  class space    used 7223K, capacity 7661K, committed 7680K, reserved 1048576K
}
Event: 35.074 GC heap before
{Heap before GC invocations=12 (full 0):
 garbage-first heap   total 260096K, used 180535K [0x00000000a0000000, 0x0000000100000000)
  region size 1024K, 152 young (155648K), 19 survivors (19456K)
 Metaspace       used 65687K, capacity 67430K, committed 67712K, reserved 1107968K
  class space    used 8439K, capacity 9031K, committed 9088K, reserved 1048576K
}
Event: 35.116 GC heap after
{Heap after GC invocations=13 (full 0):
 garbage-first heap   total 260096K, used 54847K [0x00000000a0000000, 0x0000000100000000)
  region size 1024K, 10 young (10240K), 10 survivors (10240K)
 Metaspace       used 65687K, capacity 67430K, committed 67712K, reserved 1107968K
  class space    used 8439K, capacity 9031K, committed 9088K, reserved 1048576K
}
Event: 38.428 GC heap before
{Heap before GC invocations=13 (full 0):
 garbage-first heap   total 260096K, used 170559K [0x00000000a0000000, 0x0000000100000000)
  region size 1024K, 124 young (126976K), 10 survivors (10240K)
 Metaspace       used 73213K, capacity 75242K, committed 75308K, reserved 1114112K
  class space    used 9569K, capacity 10352K, committed 10368K, reserved 1048576K
}
Event: 38.480 GC heap after
{Heap after GC invocations=14 (full 0):
 garbage-first heap   total 260096K, used 63039K [0x00000000a0000000, 0x0000000100000000)
  region size 1024K, 18 young (18432K), 18 survivors (18432K)
 Metaspace       used 73213K, capacity 75242K, committed 75308K, reserved 1114112K
  class space    used 9569K, capacity 10352K, committed 10368K, reserved 1048576K
}

