# JRE version: OpenJDK Runtime Environment (11.0.11+9) (build 11.0.11+9-b60-7590822)
# Java VM: OpenJDK 64-Bit Server VM (11.0.11+9-b60-7590822, mixed mode, tiered, compressed oops, g1 gc, windows-amd64)
Heap:
 garbage-first heap   total 260096K, used 122184K [0x00000000a0000000, 0x0000000100000000)
  region size 1024K, 33 young (33792K), 9 survivors (9216K)
 Metaspace       used 79014K, capacity 81653K, committed 81904K, reserved 1120256K
  class space    used 10352K, capacity 11261K, committed 11340K, reserved 1048576K
GC Heap History (20 events):
Event: 6.191 GC heap before
{Heap before GC invocations=3 (full 0):
 garbage-first heap   total 260096K, used 52739K [0x00000000a0000000, 0x0000000100000000)
  region size 1024K, 43 young (44032K), 4 survivors (4096K)
 Metaspace       used 18193K, capacity 18591K, committed 18816K, reserved 1064960K
  class space    used 2184K, capacity 2308K, committed 2432K, reserved 1048576K
}
Event: 6.200 GC heap after
{Heap after GC invocations=4 (full 0):
 garbage-first heap   total 260096K, used 15578K [0x00000000a0000000, 0x0000000100000000)
  region size 1024K, 3 young (3072K), 3 survivors (3072K)
 Metaspace       used 18193K, capacity 18591K, committed 18816K, reserved 1064960K
  class space    used 2184K, capacity 2308K, committed 2432K, reserved 1048576K
}
Event: 7.127 GC heap before
{Heap before GC invocations=4 (full 0):
 garbage-first heap   total 260096K, used 30938K [0x00000000a0000000, 0x0000000100000000)
  region size 1024K, 19 young (19456K), 3 survivors (3072K)
 Metaspace       used 20552K, capacity 21071K, committed 21248K, reserved 1067008K
  class space    used 2520K, capacity 2693K, committed 2816K, reserved 1048576K
}
Event: 7.133 GC heap after
{Heap after GC invocations=5 (full 0):
 garbage-first heap   total 260096K, used 16027K [0x00000000a0000000, 0x0000000100000000)
  region size 1024K, 4 young (4096K), 4 survivors (4096K)
 Metaspace       used 20552K, capacity 21071K, committed 21248K, reserved 1067008K
  class space    used 2520K, capacity 2693K, committed 2816K, reserved 1048576K
}
Event: 9.414 GC heap before
{Heap before GC invocations=6 (full 0):
 garbage-first heap   total 260096K, used 70299K [0x00000000a0000000, 0x0000000100000000)
  region size 1024K, 57 young (58368K), 4 survivors (4096K)
 Metaspace       used 26303K, capacity 26882K, committed 27008K, reserved 1073152K
  class space    used 3435K, capacity 3635K, committed 3712K, reserved 1048576K
}
Event: 9.424 GC heap after
{Heap after GC invocations=7 (full 0):
 garbage-first heap   total 260096K, used 18161K [0x00000000a0000000, 0x0000000100000000)
  region size 1024K, 6 young (6144K), 6 survivors (6144K)
 Metaspace       used 26303K, capacity 26882K, committed 27008K, reserved 1073152K
  class space    used 3435K, capacity 3635K, committed 3712K, reserved 1048576K
}
Event: 11.881 GC heap before
{Heap before GC invocations=7 (full 0):
 garbage-first heap   total 260096K, used 70385K [0x00000000a0000000, 0x0000000100000000)
  region size 1024K, 55 young (56320K), 6 survivors (6144K)
 Metaspace       used 35028K, capacity 35731K, committed 35840K, reserved 1081344K
  class space    used 4512K, capacity 4775K, committed 4864K, reserved 1048576K
}
Event: 11.896 GC heap after
{Heap after GC invocations=8 (full 0):
 garbage-first heap   total 260096K, used 23512K [0x00000000a0000000, 0x0000000100000000)
  region size 1024K, 9 young (9216K), 9 survivors (9216K)
 Metaspace       used 35028K, capacity 35731K, committed 35840K, reserved 1081344K
  class space    used 4512K, capacity 4775K, committed 4864K, reserved 1048576K
}
Event: 17.639 GC heap before
{Heap before GC invocations=9 (full 0):
 garbage-first heap   total 260096K, used 158680K [0x00000000a0000000, 0x0000000100000000)
  region size 1024K, 141 young (144384K), 9 survivors (9216K)
 Metaspace       used 44186K, capacity 45203K, committed 45440K, reserved 1089536K
  class space    used 5649K, capacity 6009K, committed 6016K, reserved 1048576K
}
Event: 17.675 GC heap after
{Heap after GC invocations=10 (full 0):
 garbage-first heap   total 260096K, used 28352K [0x00000000a0000000, 0x0000000100000000)
  region size 1024K, 16 young (16384K), 16 survivors (16384K)
 Metaspace       used 44186K, capacity 45203K, committed 45440K, reserved 1089536K
  class space    used 5649K, capacity 6009K, committed 6016K, reserved 1048576K
}
Event: 25.316 GC heap before
{Heap before GC invocations=11 (full 0):
 garbage-first heap   total 260096K, used 173760K [0x00000000a0000000, 0x0000000100000000)
  region size 1024K, 152 young (155648K), 16 survivors (16384K)
 Metaspace       used 57212K, capacity 58568K, committed 58752K, reserved 1099776K
  class space    used 7241K, capacity 7699K, committed 7808K, reserved 1048576K
}
Event: 25.356 GC heap after
{Heap after GC invocations=12 (full 0):
 garbage-first heap   total 260096K, used 45606K [0x00000000a0000000, 0x0000000100000000)
  region size 1024K, 18 young (18432K), 18 survivors (18432K)
 Metaspace       used 57212K, capacity 58568K, committed 58752K, reserved 1099776K
  class space    used 7241K, capacity 7699K, committed 7808K, reserved 1048576K
}
Event: 31.289 GC heap before
{Heap before GC invocations=12 (full 0):
 garbage-first heap   total 260096K, used 182822K [0x00000000a0000000, 0x0000000100000000)
  region size 1024K, 152 young (155648K), 18 survivors (18432K)
 Metaspace       used 65990K, capacity 67672K, committed 67968K, reserved 1107968K
  class space    used 8481K, capacity 9044K, committed 9088K, reserved 1048576K
}
Event: 31.330 GC heap after
{Heap after GC invocations=13 (full 0):
 garbage-first heap   total 260096K, used 55578K [0x00000000a0000000, 0x0000000100000000)
  region size 1024K, 10 young (10240K), 10 survivors (10240K)
 Metaspace       used 65990K, capacity 67672K, committed 67968K, reserved 1107968K
  class space    used 8481K, capacity 9044K, committed 9088K, reserved 1048576K
}
Event: 40.006 GC heap before
{Heap before GC invocations=13 (full 0):
 garbage-first heap   total 260096K, used 198938K [0x00000000a0000000, 0x0000000100000000)
  region size 1024K, 147 young (150528K), 10 survivors (10240K)
 Metaspace       used 71067K, capacity 73433K, committed 73600K, reserved 1112064K
  class space    used 9213K, capacity 10008K, committed 10112K, reserved 1048576K
}
Event: 40.050 GC heap after
{Heap after GC invocations=14 (full 0):
 garbage-first heap   total 260096K, used 75264K [0x00000000a0000000, 0x0000000100000000)
  region size 1024K, 19 young (19456K), 19 survivors (19456K)
 Metaspace       used 71067K, capacity 73433K, committed 73600K, reserved 1112064K
  class space    used 9213K, capacity 10008K, committed 10112K, reserved 1048576K
}
Event: 43.651 GC heap before
{Heap before GC invocations=14 (full 0):
 garbage-first heap   total 260096K, used 130560K [0x00000000a0000000, 0x0000000100000000)
  region size 1024K, 69 young (70656K), 19 survivors (19456K)
 Metaspace       used 73090K, capacity 75590K, committed 75648K, reserved 1114112K
  class space    used 9455K, capacity 10324K, committed 10368K, reserved 1048576K
}
Event: 43.746 GC heap after
{Heap after GC invocations=15 (full 0):
 garbage-first heap   total 260096K, used 90624K [0x00000000a0000000, 0x0000000100000000)
  region size 1024K, 9 young (9216K), 9 survivors (9216K)
 Metaspace       used 73090K, capacity 75590K, committed 75648K, reserved 1114112K
  class space    used 9455K, capacity 10324K, committed 10368K, reserved 1048576K
}
Event: 47.623 GC heap before
{Heap before GC invocations=16 (full 0):
 garbage-first heap   total 260096K, used 174592K [0x00000000a0000000, 0x0000000100000000)
  region size 1024K, 91 young (93184K), 9 survivors (9216K)
 Metaspace       used 78170K, capacity 80702K, committed 81008K, reserved 1120256K
  class space    used 10208K, capacity 11094K, committed 11212K, reserved 1048576K
}
Event: 47.655 GC heap after
{Heap after GC invocations=17 (full 0):
 garbage-first heap   total 260096K, used 99656K [0x00000000a0000000, 0x0000000100000000)
  region size 1024K, 9 young (9216K), 9 survivors (9216K)
 Metaspace       used 78170K, capacity 80702K, committed 81008K, reserved 1120256K
  class space    used 10208K, capacity 11094K, committed 11212K, reserved 1048576K
}

